/projects/sate7/tools/bin/triplets.soda2103: 1: /projects/sate7/tools/bin/triplets.soda2103: Syntax error: "(" unexpected
/projects/sate7/tools/bin/triplets.soda2103: 1: /projects/sate7/tools/bin/triplets.soda2103: Syntax error: "(" unexpected
/projects/sate7/tools/bin/triplets.soda2103: 1: /projects/sate7/tools/bin/triplets.soda2103: Syntax error: "(" unexpected
/projects/sate7/tools/bin/triplets.soda2103: 1: /projects/sate7/tools/bin/triplets.soda2103: Syntax error: "(" unexpected
/projects/sate7/tools/bin/triplets.soda2103: 1: /projects/sate7/tools/bin/triplets.soda2103: Syntax error: "(" unexpected
/projects/sate7/tools/bin/triplets.soda2103: 1: /projects/sate7/tools/bin/triplets.soda2103: Syntax error: "(" unexpected
/projects/sate7/tools/bin/triplets.soda2103: 1: /projects/sate7/tools/bin/triplets.soda2103: Syntax error: "(" unexpected
/projects/sate7/tools/bin/triplets.soda2103: 1: /projects/sate7/tools/bin/triplets.soda2103: Syntax error: "(" unexpected
/projects/sate7/tools/bin/triplets.soda2103: 1: /projects/sate7/tools/bin/triplets.soda2103: Syntax error: "(" unexpected
/projects/sate7/tools/bin/triplets.soda2103: 1: /projects/sate7/tools/bin/triplets.soda2103: Syntax error: "(" unexpected
/projects/sate7/tools/bin/triplets.soda2103: 1: /projects/sate7/tools/bin/triplets.soda2103: Syntax error: "(" unexpected
/projects/sate7/tools/bin/triplets.soda2103: 1: /projects/sate7/tools/bin/triplets.soda2103: Syntax error: "(" unexpected
/projects/sate7/tools/bin/triplets.soda2103: 1: /projects/sate7/tools/bin/triplets.soda2103: Syntax error: "(" unexpected
/projects/sate7/tools/bin/triplets.soda2103: 1: /projects/sate7/tools/bin/triplets.soda2103: Syntax error: "(" unexpected
/projects/sate7/tools/bin/triplets.soda2103: 1: /projects/sate7/tools/bin/triplets.soda2103: Syntax error: "(" unexpected
/projects/sate7/tools/bin/triplets.soda2103: 1: /projects/sate7/tools/bin/triplets.soda2103: Syntax error: "(" unexpected
/projects/sate7/tools/bin/triplets.soda2103: 1: /projects/sate7/tools/bin/triplets.soda2103: Syntax error: "(" unexpected
/projects/sate7/tools/bin/triplets.soda2103: 1: /projects/sate7/tools/bin/triplets.soda2103: Syntax error: "(" unexpected
/projects/sate7/tools/bin/triplets.soda2103: 1: /projects/sate7/tools/bin/triplets.soda2103: Syntax error: "(" unexpected
/projects/sate7/tools/bin/triplets.soda2103: 1: /projects/sate7/tools/bin/triplets.soda2103: Syntax error: "(" unexpected
/projects/sate7/tools/bin/triplets.soda2103: 1: /projects/sate7/tools/bin/triplets.soda2103: Syntax error: "(" unexpected
/projects/sate7/tools/bin/triplets.soda2103: 1: /projects/sate7/tools/bin/triplets.soda2103: Syntax error: "(" unexpected
/projects/sate7/tools/bin/triplets.soda2103: 1: /projects/sate7/tools/bin/triplets.soda2103: Syntax error: "(" unexpected
/projects/sate7/tools/bin/triplets.soda2103: 1: /projects/sate7/tools/bin/triplets.soda2103: Syntax error: "(" unexpected
/projects/sate7/tools/bin/triplets.soda2103: 1: /projects/sate7/tools/bin/triplets.soda2103: Syntax error: "(" unexpected
/projects/sate7/tools/bin/triplets.soda2103: 1: /projects/sate7/tools/bin/triplets.soda2103: Syntax error: "(" unexpected
/projects/sate7/tools/bin/triplets.soda2103: 1: /projects/sate7/tools/bin/triplets.soda2103: Syntax error: "(" unexpected
/projects/sate7/tools/bin/triplets.soda2103: 1: /projects/sate7/tools/bin/triplets.soda2103: Syntax error: "(" unexpected
/projects/sate7/tools/bin/triplets.soda2103: 1: /projects/sate7/tools/bin/triplets.soda2103: Syntax error: "(" unexpected
/projects/sate7/tools/bin/triplets.soda2103: 1: /projects/sate7/tools/bin/triplets.soda2103: Syntax error: "(" unexpected
/projects/sate7/tools/bin/triplets.soda2103: 1: /projects/sate7/tools/bin/triplets.soda2103: Syntax error: "(" unexpected
/projects/sate7/tools/bin/triplets.soda2103: 1: /projects/sate7/tools/bin/triplets.soda2103: Syntax error: "(" unexpected
/projects/sate7/tools/bin/triplets.soda2103: 1: /projects/sate7/tools/bin/triplets.soda2103: Syntax error: "(" unexpected
/projects/sate7/tools/bin/triplets.soda2103: 1: /projects/sate7/tools/bin/triplets.soda2103: Syntax error: "(" unexpected
/projects/sate7/tools/bin/triplets.soda2103: 1: /projects/sate7/tools/bin/triplets.soda2103: Syntax error: "(" unexpected
/projects/sate7/tools/bin/triplets.soda2103: 1: /projects/sate7/tools/bin/triplets.soda2103: Syntax error: "(" unexpected
/projects/sate7/tools/bin/triplets.soda2103: 1: /projects/sate7/tools/bin/triplets.soda2103: Syntax error: "(" unexpected
/projects/sate7/tools/bin/triplets.soda2103: 1: /projects/sate7/tools/bin/triplets.soda2103: Syntax error: "(" unexpected
/projects/sate7/tools/bin/triplets.soda2103: 1: /projects/sate7/tools/bin/triplets.soda2103: Syntax error: "(" unexpected
/projects/sate7/tools/bin/triplets.soda2103: 1: /projects/sate7/tools/bin/triplets.soda2103: Syntax error: "(" unexpected
/projects/sate7/tools/bin/triplets.soda2103: 1: /projects/sate7/tools/bin/triplets.soda2103: Syntax error: "(" unexpected
/projects/sate7/tools/bin/triplets.soda2103: 1: /projects/sate7/tools/bin/triplets.soda2103: Syntax error: "(" unexpected
/projects/sate7/tools/bin/triplets.soda2103: 1: /projects/sate7/tools/bin/triplets.soda2103: Syntax error: "(" unexpected
/projects/sate7/tools/bin/triplets.soda2103: 1: /projects/sate7/tools/bin/triplets.soda2103: Syntax error: "(" unexpected
/projects/sate7/tools/bin/triplets.soda2103: 1: /projects/sate7/tools/bin/triplets.soda2103: Syntax error: "(" unexpected
/projects/sate7/tools/bin/triplets.soda2103: 1: /projects/sate7/tools/bin/triplets.soda2103: Syntax error: "(" unexpected
/projects/sate7/tools/bin/triplets.soda2103: 1: /projects/sate7/tools/bin/triplets.soda2103: Syntax error: "(" unexpected
/projects/sate7/tools/bin/triplets.soda2103: 1: /projects/sate7/tools/bin/triplets.soda2103: Syntax error: "(" unexpected
/projects/sate7/tools/bin/triplets.soda2103: 1: /projects/sate7/tools/bin/triplets.soda2103: Syntax error: "(" unexpected
/projects/sate7/tools/bin/triplets.soda2103: 1: /projects/sate7/tools/bin/triplets.soda2103: Syntax error: "(" unexpected
/projects/sate7/tools/bin/triplets.soda2103: 1: /projects/sate7/tools/bin/triplets.soda2103: Syntax error: "(" unexpected


 max is 0
Traceback (most recent call last):
  File "/v/filer4b/v20q001/bayzid/Research/simulation_study/tools/run_scripts/getFpFn.py", line 48, in <module>
    estimateTree = parse_tree(readTreesFromRatchet(options.estimate_tree)[0])
  File "/u/bayzid/lib/python/spruce/mrp.py", line 422, in readTreesFromRatchet
    f = open (file, 'r')
IOError: [Errno 2] No such file or directory: '/projects/sate9/bayzid/dcm-sptree/100-taxon/dactal/phylonet/R0/itr0/phylonet-exact/size-15.superfine-mrl'

 R1	0
 0
 R1	0
 0

 R1	0
 0

 R1	0
 0

 R1	0
 0


 max is 0


 R2	0
 0
 R2	0
 0

 R2	0
 0

 R2	0
 0

 R2	0
 0


 max is 0


 R3	0
 0
 R3	0
 0

 R3	0
 0

 R3	0
 0

 R3	0
 0


 max is 0


 R4	0
 0
 R4	0
 0

 R4	0
 0

 R4	0
 0

 R4	0
 0


 max is 0


 R5	0
 0
 R5	0
 0

 R5	0
 0

 R5	0
 0

 R5	0
 0


 max is 0

Traceback (most recent call last):
  File "/v/filer4b/v20q001/bayzid/Research/simulation_study/tools/run_scripts/getFpFn.py", line 50, in <module>
    print getFpFnRfRates(trueTree, estimateTree)
  File "/u/bayzid/lib/python/spruce/metrics.py", line 46, in getFpFnRfRates
    raise Exception('Leaf sets are not identical')
Exception: Leaf sets are not identical

 R6	0
 0
 R6	0
 0

 R6	0
 0

 R6	0
 0

 R6	0
 0


 max is 0


 R7	0
 0
 R7	0
 0

 R7	0
 0

 R7	0
 0

 R7	0
 0


 max is 0


 R8	0
 0
 R8	0
 0

 R8	0
 0

 R8	0
 0

 R8	0
 0


 max is 0


 R9	0
 0
 R9	0
 0

 R9	0
 0

 R9	0
 0

 R9	0
 0


 max is 0

